[2019/05/03 07:58:35][INFO](1) ------ start...
[2019/05/03 08:03:30][DEBUG](2) s[1]=1
[2019/05/03 08:03:57][DEBUG](2) s[1:5]=1234
[2019/05/03 08:05:42][DEBUG](2) s[1:9:2]=1357
[2019/05/03 08:07:00][DEBUG](2) s[1] = 1
[2019/05/03 08:07:01][DEBUG](2) s[1:5] = 1234
[2019/05/03 08:07:02][DEBUG](2) s[1:9:2] = 1357
[2019/05/03 08:07:03][DEBUG](2) len(s) = 9
[2019/05/03 08:07:22][DEBUG](2) s[1] = "1
[2019/05/03 08:07:32][DEBUG](2) s[1] = "1"
[2019/05/03 08:08:30][DEBUG](2) s[1:5] = "1234"
[2019/05/03 08:08:39][DEBUG](2) s[1:9:2] = "1357"
[2019/05/03 08:08:49][DEBUG](2) len(s) = "9"
[2019/05/03 08:09:03][DEBUG](2) len(s) = 9
[2019/05/03 08:09:45][DEBUG](2) max(s) = 8
[2019/05/03 08:11:24][DEBUG](3) max(s) = "y"
[2019/05/03 08:11:47][DEBUG](2) min(s) = "h"
[2019/05/03 08:21:27][INFO](1) ------ start...
[2019/05/03 08:21:27][DEBUG](2) s[1] = "1"
[2019/05/03 08:21:27][DEBUG](2) s[1:5] = "1234"
[2019/05/03 08:21:27][DEBUG](2) s[1:9:2] = "1357"
[2019/05/03 08:21:27][DEBUG](2) len(s) = 9
[2019/05/03 08:21:27][DEBUG](3) max(s) = "y"
[2019/05/03 08:21:27][DEBUG](2) min(s) = "h"
